<?xml version="1.0" encoding="UTF-8"?>
<testng-results skipped="2" failed="0" total="3" passed="1">
  <reporter-output>
  </reporter-output>
  <suite name="Default suite" duration-ms="22154" started-at="2016-09-26T04:41:49Z" finished-at="2016-09-26T04:42:11Z">
    <groups>
    </groups>
    <test name="Default test" duration-ms="22154" started-at="2016-09-26T04:41:49Z" finished-at="2016-09-26T04:42:11Z">
      <class name="com.vmetry.ntl.temp.ReportTest">
        <test-method status="PASS" signature="googleTest()[pri:0, instance:com.vmetry.ntl.temp.ReportTest@52621f0c]" name="googleTest" duration-ms="22118" started-at="2016-09-26T10:11:49Z" finished-at="2016-09-26T10:12:11Z">
          <reporter-output>
          </reporter-output>
        </test-method> <!-- googleTest -->
        <test-method status="FAIL" signature="tearDown(org.testng.ITestResult)[pri:0, instance:com.vmetry.ntl.temp.ReportTest@52621f0c]" name="tearDown" is-config="true" duration-ms="0" started-at="2016-09-26T10:12:11Z" finished-at="2016-09-26T10:12:11Z">
          <params>
            <param index="0">
              <value>
                <![CDATA[[TestResult name=googleTest status=SUCCESS method=ReportTest.googleTest()[pri:0, instance:com.vmetry.ntl.temp.ReportTest@52621f0c] output={null}]]]>
              </value>
            </param>
          </params>
          <exception class="java.lang.NullPointerException">
            <full-stacktrace>
              <![CDATA[java.lang.NullPointerException
	at com.vmetry.ntl.temp.ReportTest.takeScreenshot(ReportTest.java:70)
	at com.vmetry.ntl.temp.ReportTest.tearDown(ReportTest.java:56)
	at sun.reflect.NativeMethodAccessorImpl.invoke0(Native Method)
	at sun.reflect.NativeMethodAccessorImpl.invoke(Unknown Source)
	at sun.reflect.DelegatingMethodAccessorImpl.invoke(Unknown Source)
	at java.lang.reflect.Method.invoke(Unknown Source)
	at org.testng.internal.MethodInvocationHelper.invokeMethod(MethodInvocationHelper.java:84)
	at org.testng.internal.Invoker.invokeConfigurationMethod(Invoker.java:564)
	at org.testng.internal.Invoker.invokeConfigurations(Invoker.java:213)
	at org.testng.internal.Invoker.invokeMethod(Invoker.java:786)
	at org.testng.internal.Invoker.invokeTestMethod(Invoker.java:901)
	at org.testng.internal.Invoker.invokeTestMethods(Invoker.java:1231)
	at org.testng.internal.TestMethodWorker.invokeTestMethods(TestMethodWorker.java:127)
	at org.testng.internal.TestMethodWorker.run(TestMethodWorker.java:111)
	at org.testng.TestRunner.privateRun(TestRunner.java:767)
	at org.testng.TestRunner.run(TestRunner.java:617)
	at org.testng.SuiteRunner.runTest(SuiteRunner.java:334)
	at org.testng.SuiteRunner.runSequentially(SuiteRunner.java:329)
	at org.testng.SuiteRunner.privateRun(SuiteRunner.java:291)
	at org.testng.SuiteRunner.run(SuiteRunner.java:240)
	at org.testng.SuiteRunnerWorker.runSuite(SuiteRunnerWorker.java:52)
	at org.testng.SuiteRunnerWorker.run(SuiteRunnerWorker.java:86)
	at org.testng.TestNG.runSuitesSequentially(TestNG.java:1224)
	at org.testng.TestNG.runSuitesLocally(TestNG.java:1149)
	at org.testng.TestNG.run(TestNG.java:1057)
	at org.testng.remote.RemoteTestNG.run(RemoteTestNG.java:111)
	at org.testng.remote.RemoteTestNG.initAndRun(RemoteTestNG.java:204)
	at org.testng.remote.RemoteTestNG.main(RemoteTestNG.java:175)
]]>
            </full-stacktrace>
          </exception> <!-- java.lang.NullPointerException -->
          <reporter-output>
          </reporter-output>
        </test-method> <!-- tearDown -->
        <test-method status="SKIP" signature="bingTest()[pri:0, instance:com.vmetry.ntl.temp.ReportTest@52621f0c]" name="bingTest" duration-ms="4" started-at="2016-09-26T10:12:11Z" finished-at="2016-09-26T10:12:11Z">
          <reporter-output>
          </reporter-output>
        </test-method> <!-- bingTest -->
        <test-method status="SKIP" signature="tearDown(org.testng.ITestResult)[pri:0, instance:com.vmetry.ntl.temp.ReportTest@52621f0c]" name="tearDown" is-config="true" duration-ms="0" started-at="2016-09-26T10:12:11Z" finished-at="2016-09-26T10:12:11Z">
          <reporter-output>
          </reporter-output>
        </test-method> <!-- tearDown -->
        <test-method status="SKIP" signature="yahooTest()[pri:0, instance:com.vmetry.ntl.temp.ReportTest@52621f0c]" name="yahooTest" duration-ms="0" started-at="2016-09-26T10:12:11Z" finished-at="2016-09-26T10:12:11Z">
          <reporter-output>
          </reporter-output>
        </test-method> <!-- yahooTest -->
        <test-method status="SKIP" signature="tearDown(org.testng.ITestResult)[pri:0, instance:com.vmetry.ntl.temp.ReportTest@52621f0c]" name="tearDown" is-config="true" duration-ms="0" started-at="2016-09-26T10:12:11Z" finished-at="2016-09-26T10:12:11Z">
          <reporter-output>
          </reporter-output>
        </test-method> <!-- tearDown -->
      </class> <!-- com.vmetry.ntl.temp.ReportTest -->
    </test> <!-- Default test -->
  </suite> <!-- Default suite -->
</testng-results>
